# JRE version: OpenJDK Runtime Environment Temurin-21.0.11+10 (21.0.11+10) (build 21.0.11+10-LTS)
# Java VM: OpenJDK 64-Bit Server VM Temurin-21.0.11+10 (21.0.11+10-LTS, mixed mode, sharing, tiered, compressed oops, compressed class ptrs, parallel gc, windows-amd64)
GC Precious Log:
 CardTable entry size: 512
 CPUs: 16 total, 16 available
 Memory: 15789M
 Large Page Support: Disabled
 NUMA Support: Disabled
 Compressed Oops: Enabled (32-bit)
 Alignments: Space 512K, Generation 512K, Heap 2M
 Heap Min Capacity: 100M
 Heap Initial Capacity: 100M
 Heap Max Capacity: 2G
 Pre-touch: Disabled
 Parallel Workers: 13
Heap:
 PSYoungGen      total 3072K, used 1953K [0x00000000d5580000, 0x00000000d5980000, 0x0000000100000000)
  eden space 2560K, 66% used [0x00000000d5580000,0x00000000d5728658,0x00000000d5800000)
  from space 512K, 50% used [0x00000000d5880000,0x00000000d58c0000,0x00000000d5900000)
  to   space 512K, 0% used [0x00000000d5900000,0x00000000d5900000,0x00000000d5980000)
 ParOldGen       total 312832K, used 223493K [0x0000000080000000, 0x0000000093180000, 0x00000000d5580000)
  object space 312832K, 71% used [0x0000000080000000,0x000000008da41450,0x0000000093180000)
 Metaspace       used 105106K, committed 107200K, reserved 1179648K
  class space    used 11890K, committed 12864K, reserved 1048576K
GC Heap History (20 events):
Event: 1719.315 GC heap before
{Heap before GC invocations=1315 (full 5):
 PSYoungGen      total 3584K, used 2976K [0x00000000d5580000, 0x00000000d5980000, 0x0000000100000000)
  eden space 2560K, 100% used [0x00000000d5580000,0x00000000d5800000,0x00000000d5800000)
  from space 1024K, 40% used [0x00000000d5800000,0x00000000d5868020,0x00000000d5900000)
  to   space 512K, 0% used [0x00000000d5900000,0x00000000d5900000,0x00000000d5980000)
 ParOldGen       total 312832K, used 221751K [0x0000000080000000, 0x0000000093180000, 0x00000000d5580000)
  object space 312832K, 70% used [0x0000000080000000,0x000000008d88dd60,0x0000000093180000)
 Metaspace       used 102319K, committed 104256K, reserved 1179648K
  class space    used 11521K, committed 12352K, reserved 1048576K
}
Event: 1719.316 GC heap after
{Heap after GC invocations=1315 (full 5):
 PSYoungGen      total 3072K, used 256K [0x00000000d5580000, 0x00000000d5980000, 0x0000000100000000)
  eden space 2560K, 0% used [0x00000000d5580000,0x00000000d5580000,0x00000000d5800000)
  from space 512K, 50% used [0x00000000d5900000,0x00000000d5940000,0x00000000d5980000)
  to   space 512K, 0% used [0x00000000d5880000,0x00000000d5880000,0x00000000d5900000)
 ParOldGen       total 312832K, used 221975K [0x0000000080000000, 0x0000000093180000, 0x00000000d5580000)
  object space 312832K, 70% used [0x0000000080000000,0x000000008d8c5d80,0x0000000093180000)
 Metaspace       used 102319K, committed 104256K, reserved 1179648K
  class space    used 11521K, committed 12352K, reserved 1048576K
}
Event: 1719.417 GC heap before
{Heap before GC invocations=1316 (full 5):
 PSYoungGen      total 3072K, used 2812K [0x00000000d5580000, 0x00000000d5980000, 0x0000000100000000)
  eden space 2560K, 99% used [0x00000000d5580000,0x00000000d57ff3a8,0x00000000d5800000)
  from space 512K, 50% used [0x00000000d5900000,0x00000000d5940000,0x00000000d5980000)
  to   space 512K, 0% used [0x00000000d5880000,0x00000000d5880000,0x00000000d5900000)
 ParOldGen       total 312832K, used 221975K [0x0000000080000000, 0x0000000093180000, 0x00000000d5580000)
  object space 312832K, 70% used [0x0000000080000000,0x000000008d8c5d80,0x0000000093180000)
 Metaspace       used 102391K, committed 104320K, reserved 1179648K
  class space    used 11531K, committed 12352K, reserved 1048576K
}
Event: 1719.420 GC heap after
{Heap after GC invocations=1316 (full 5):
 PSYoungGen      total 3072K, used 480K [0x00000000d5580000, 0x00000000d5a00000, 0x0000000100000000)
  eden space 2560K, 0% used [0x00000000d5580000,0x00000000d5580000,0x00000000d5800000)
  from space 512K, 93% used [0x00000000d5880000,0x00000000d58f8020,0x00000000d5900000)
  to   space 1024K, 0% used [0x00000000d5900000,0x00000000d5900000,0x00000000d5a00000)
 ParOldGen       total 312832K, used 222111K [0x0000000080000000, 0x0000000093180000, 0x00000000d5580000)
  object space 312832K, 71% used [0x0000000080000000,0x000000008d8e7d80,0x0000000093180000)
 Metaspace       used 102391K, committed 104320K, reserved 1179648K
  class space    used 11531K, committed 12352K, reserved 1048576K
}
Event: 1719.891 GC heap before
{Heap before GC invocations=1317 (full 5):
 PSYoungGen      total 3072K, used 3040K [0x00000000d5580000, 0x00000000d5a00000, 0x0000000100000000)
  eden space 2560K, 100% used [0x00000000d5580000,0x00000000d5800000,0x00000000d5800000)
  from space 512K, 93% used [0x00000000d5880000,0x00000000d58f8020,0x00000000d5900000)
  to   space 1024K, 0% used [0x00000000d5900000,0x00000000d5900000,0x00000000d5a00000)
 ParOldGen       total 312832K, used 222111K [0x0000000080000000, 0x0000000093180000, 0x00000000d5580000)
  object space 312832K, 71% used [0x0000000080000000,0x000000008d8e7d80,0x0000000093180000)
 Metaspace       used 102672K, committed 104640K, reserved 1179648K
  class space    used 11555K, committed 12416K, reserved 1048576K
}
Event: 1719.894 GC heap after
{Heap after GC invocations=1317 (full 5):
 PSYoungGen      total 3072K, used 345K [0x00000000d5580000, 0x00000000d5980000, 0x0000000100000000)
  eden space 2560K, 0% used [0x00000000d5580000,0x00000000d5580000,0x00000000d5800000)
  from space 512K, 67% used [0x00000000d5900000,0x00000000d59565d8,0x00000000d5980000)
  to   space 512K, 0% used [0x00000000d5880000,0x00000000d5880000,0x00000000d5900000)
 ParOldGen       total 312832K, used 222375K [0x0000000080000000, 0x0000000093180000, 0x00000000d5580000)
  object space 312832K, 71% used [0x0000000080000000,0x000000008d929da0,0x0000000093180000)
 Metaspace       used 102672K, committed 104640K, reserved 1179648K
  class space    used 11555K, committed 12416K, reserved 1048576K
}
Event: 1721.036 GC heap before
{Heap before GC invocations=1318 (full 5):
 PSYoungGen      total 3072K, used 2905K [0x00000000d5580000, 0x00000000d5980000, 0x0000000100000000)
  eden space 2560K, 100% used [0x00000000d5580000,0x00000000d5800000,0x00000000d5800000)
  from space 512K, 67% used [0x00000000d5900000,0x00000000d59565d8,0x00000000d5980000)
  to   space 512K, 0% used [0x00000000d5880000,0x00000000d5880000,0x00000000d5900000)
 ParOldGen       total 312832K, used 222375K [0x0000000080000000, 0x0000000093180000, 0x00000000d5580000)
  object space 312832K, 71% used [0x0000000080000000,0x000000008d929da0,0x0000000093180000)
 Metaspace       used 103161K, committed 105280K, reserved 1179648K
  class space    used 11617K, committed 12608K, reserved 1048576K
}
Event: 1721.040 GC heap after
{Heap after GC invocations=1318 (full 5):
 PSYoungGen      total 3072K, used 347K [0x00000000d5580000, 0x00000000d5980000, 0x0000000100000000)
  eden space 2560K, 0% used [0x00000000d5580000,0x00000000d5580000,0x00000000d5800000)
  from space 512K, 67% used [0x00000000d5880000,0x00000000d58d6e50,0x00000000d5900000)
  to   space 512K, 0% used [0x00000000d5900000,0x00000000d5900000,0x00000000d5980000)
 ParOldGen       total 312832K, used 222539K [0x0000000080000000, 0x0000000093180000, 0x00000000d5580000)
  object space 312832K, 71% used [0x0000000080000000,0x000000008d952da8,0x0000000093180000)
 Metaspace       used 103161K, committed 105280K, reserved 1179648K
  class space    used 11617K, committed 12608K, reserved 1048576K
}
Event: 1721.155 GC heap before
{Heap before GC invocations=1319 (full 5):
 PSYoungGen      total 3072K, used 2901K [0x00000000d5580000, 0x00000000d5980000, 0x0000000100000000)
  eden space 2560K, 99% used [0x00000000d5580000,0x00000000d57fe648,0x00000000d5800000)
  from space 512K, 67% used [0x00000000d5880000,0x00000000d58d6e50,0x00000000d5900000)
  to   space 512K, 0% used [0x00000000d5900000,0x00000000d5900000,0x00000000d5980000)
 ParOldGen       total 312832K, used 222539K [0x0000000080000000, 0x0000000093180000, 0x00000000d5580000)
  object space 312832K, 71% used [0x0000000080000000,0x000000008d952da8,0x0000000093180000)
 Metaspace       used 103571K, committed 105664K, reserved 1179648K
  class space    used 11670K, committed 12608K, reserved 1048576K
}
Event: 1721.157 GC heap after
{Heap after GC invocations=1319 (full 5):
 PSYoungGen      total 3072K, used 447K [0x00000000d5580000, 0x00000000d5980000, 0x0000000100000000)
  eden space 2560K, 0% used [0x00000000d5580000,0x00000000d5580000,0x00000000d5800000)
  from space 512K, 87% used [0x00000000d5900000,0x00000000d596fc48,0x00000000d5980000)
  to   space 512K, 0% used [0x00000000d5880000,0x00000000d5880000,0x00000000d5900000)
 ParOldGen       total 312832K, used 222732K [0x0000000080000000, 0x0000000093180000, 0x00000000d5580000)
  object space 312832K, 71% used [0x0000000080000000,0x000000008d9832e8,0x0000000093180000)
 Metaspace       used 103571K, committed 105664K, reserved 1179648K
  class space    used 11670K, committed 12608K, reserved 1048576K
}
Event: 1721.210 GC heap before
{Heap before GC invocations=1320 (full 5):
 PSYoungGen      total 3072K, used 3007K [0x00000000d5580000, 0x00000000d5980000, 0x0000000100000000)
  eden space 2560K, 100% used [0x00000000d5580000,0x00000000d5800000,0x00000000d5800000)
  from space 512K, 87% used [0x00000000d5900000,0x00000000d596fc48,0x00000000d5980000)
  to   space 512K, 0% used [0x00000000d5880000,0x00000000d5880000,0x00000000d5900000)
 ParOldGen       total 312832K, used 222732K [0x0000000080000000, 0x0000000093180000, 0x00000000d5580000)
  object space 312832K, 71% used [0x0000000080000000,0x000000008d9832e8,0x0000000093180000)
 Metaspace       used 103877K, committed 105984K, reserved 1179648K
  class space    used 11723K, committed 12672K, reserved 1048576K
}
Event: 1721.212 GC heap after
{Heap after GC invocations=1320 (full 5):
 PSYoungGen      total 3072K, used 480K [0x00000000d5580000, 0x00000000d5980000, 0x0000000100000000)
  eden space 2560K, 0% used [0x00000000d5580000,0x00000000d5580000,0x00000000d5800000)
  from space 512K, 93% used [0x00000000d5880000,0x00000000d58f8000,0x00000000d5900000)
  to   space 512K, 0% used [0x00000000d5900000,0x00000000d5900000,0x00000000d5980000)
 ParOldGen       total 312832K, used 222907K [0x0000000080000000, 0x0000000093180000, 0x00000000d5580000)
  object space 312832K, 71% used [0x0000000080000000,0x000000008d9aef30,0x0000000093180000)
 Metaspace       used 103877K, committed 105984K, reserved 1179648K
  class space    used 11723K, committed 12672K, reserved 1048576K
}
Event: 1721.311 GC heap before
{Heap before GC invocations=1321 (full 5):
 PSYoungGen      total 3072K, used 3040K [0x00000000d5580000, 0x00000000d5980000, 0x0000000100000000)
  eden space 2560K, 100% used [0x00000000d5580000,0x00000000d5800000,0x00000000d5800000)
  from space 512K, 93% used [0x00000000d5880000,0x00000000d58f8000,0x00000000d5900000)
  to   space 512K, 0% used [0x00000000d5900000,0x00000000d5900000,0x00000000d5980000)
 ParOldGen       total 312832K, used 222907K [0x0000000080000000, 0x0000000093180000, 0x00000000d5580000)
  object space 312832K, 71% used [0x0000000080000000,0x000000008d9aef30,0x0000000093180000)
 Metaspace       used 104291K, committed 106368K, reserved 1179648K
  class space    used 11780K, committed 12736K, reserved 1048576K
}
Event: 1721.312 GC heap after
{Heap after GC invocations=1321 (full 5):
 PSYoungGen      total 3072K, used 416K [0x00000000d5580000, 0x00000000d5980000, 0x0000000100000000)
  eden space 2560K, 0% used [0x00000000d5580000,0x00000000d5580000,0x00000000d5800000)
  from space 512K, 81% used [0x00000000d5900000,0x00000000d5968000,0x00000000d5980000)
  to   space 512K, 0% used [0x00000000d5880000,0x00000000d5880000,0x00000000d5900000)
 ParOldGen       total 312832K, used 223165K [0x0000000080000000, 0x0000000093180000, 0x00000000d5580000)
  object space 312832K, 71% used [0x0000000080000000,0x000000008d9ef450,0x0000000093180000)
 Metaspace       used 104291K, committed 106368K, reserved 1179648K
  class space    used 11780K, committed 12736K, reserved 1048576K
}
Event: 1721.382 GC heap before
{Heap before GC invocations=1322 (full 5):
 PSYoungGen      total 3072K, used 2976K [0x00000000d5580000, 0x00000000d5980000, 0x0000000100000000)
  eden space 2560K, 100% used [0x00000000d5580000,0x00000000d5800000,0x00000000d5800000)
  from space 512K, 81% used [0x00000000d5900000,0x00000000d5968000,0x00000000d5980000)
  to   space 512K, 0% used [0x00000000d5880000,0x00000000d5880000,0x00000000d5900000)
 ParOldGen       total 312832K, used 223165K [0x0000000080000000, 0x0000000093180000, 0x00000000d5580000)
  object space 312832K, 71% used [0x0000000080000000,0x000000008d9ef450,0x0000000093180000)
 Metaspace       used 104993K, committed 107136K, reserved 1179648K
  class space    used 11868K, committed 12864K, reserved 1048576K
}
Event: 1721.383 GC heap after
{Heap after GC invocations=1322 (full 5):
 PSYoungGen      total 3072K, used 352K [0x00000000d5580000, 0x00000000d5980000, 0x0000000100000000)
  eden space 2560K, 0% used [0x00000000d5580000,0x00000000d5580000,0x00000000d5800000)
  from space 512K, 68% used [0x00000000d5880000,0x00000000d58d8000,0x00000000d5900000)
  to   space 512K, 0% used [0x00000000d5900000,0x00000000d5900000,0x00000000d5980000)
 ParOldGen       total 312832K, used 223261K [0x0000000080000000, 0x0000000093180000, 0x00000000d5580000)
  object space 312832K, 71% used [0x0000000080000000,0x000000008da07450,0x0000000093180000)
 Metaspace       used 104993K, committed 107136K, reserved 1179648K
  class space    used 11868K, committed 12864K, reserved 1048576K
}
Event: 4653.933 GC heap before
{Heap before GC invocations=1323 (full 5):
 PSYoungGen      total 3072K, used 2912K [0x00000000d5580000, 0x00000000d5980000, 0x0000000100000000)
  eden space 2560K, 100% used [0x00000000d5580000,0x00000000d5800000,0x00000000d5800000)
  from space 512K, 68% used [0x00000000d5880000,0x00000000d58d8000,0x00000000d5900000)
  to   space 512K, 0% used [0x00000000d5900000,0x00000000d5900000,0x00000000d5980000)
 ParOldGen       total 312832K, used 223261K [0x0000000080000000, 0x0000000093180000, 0x00000000d5580000)
  object space 312832K, 71% used [0x0000000080000000,0x000000008da07450,0x0000000093180000)
 Metaspace       used 105053K, committed 107200K, reserved 1179648K
  class space    used 11890K, committed 12864K, reserved 1048576K
}
Event: 4654.020 GC heap after
{Heap after GC invocations=1323 (full 5):
 PSYoungGen      total 3072K, used 416K [0x00000000d5580000, 0x00000000d5980000, 0x0000000100000000)
  eden space 2560K, 0% used [0x00000000d5580000,0x00000000d5580000,0x00000000d5800000)
  from space 512K, 81% used [0x00000000d5900000,0x00000000d5968000,0x00000000d5980000)
  to   space 512K, 0% used [0x00000000d5880000,0x00000000d5880000,0x00000000d5900000)
 ParOldGen       total 312832K, used 223397K [0x0000000080000000, 0x0000000093180000, 0x00000000d5580000)
  object space 312832K, 71% used [0x0000000080000000,0x000000008da29450,0x0000000093180000)
 Metaspace       used 105053K, committed 107200K, reserved 1179648K
  class space    used 11890K, committed 12864K, reserved 1048576K
}
Event: 4854.014 GC heap before
{Heap before GC invocations=1324 (full 5):
 PSYoungGen      total 3072K, used 2975K [0x00000000d5580000, 0x00000000d5980000, 0x0000000100000000)
  eden space 2560K, 99% used [0x00000000d5580000,0x00000000d57fffb8,0x00000000d5800000)
  from space 512K, 81% used [0x00000000d5900000,0x00000000d5968000,0x00000000d5980000)
  to   space 512K, 0% used [0x00000000d5880000,0x00000000d5880000,0x00000000d5900000)
 ParOldGen       total 312832K, used 223397K [0x0000000080000000, 0x0000000093180000, 0x00000000d5580000)
  object space 312832K, 71% used [0x0000000080000000,0x000000008da29450,0x0000000093180000)
 Metaspace       used 105059K, committed 107200K, reserved 1179648K
  class space    used 11890K, committed 12864K, reserved 1048576K
}
Event: 4854.017 GC heap after
{Heap after GC invocations=1324 (full 5):
 PSYoungGen      total 3072K, used 256K [0x00000000d5580000, 0x00000000d5980000, 0x0000000100000000)
  eden space 2560K, 0% used [0x00000000d5580000,0x00000000d5580000,0x00000000d5800000)
  from space 512K, 50% used [0x00000000d5880000,0x00000000d58c0000,0x00000000d5900000)
  to   space 512K, 0% used [0x00000000d5900000,0x00000000d5900000,0x00000000d5980000)
 ParOldGen       total 312832K, used 223493K [0x0000000080000000, 0x0000000093180000, 0x00000000d5580000)
  object space 312832K, 71% used [0x0000000080000000,0x000000008da41450,0x0000000093180000)
 Metaspace       used 105059K, committed 107200K, reserved 1179648K
  class space    used 11890K, committed 12864K, reserved 1048576K
}

