# JRE version: Java(TM) SE Runtime Environment (21.0.7+8) (build 21.0.7+8-LTS-245)
# Java VM: Java HotSpot(TM) 64-Bit Server VM (21.0.7+8-LTS-245, mixed mode, emulated-client, sharing, tiered, compressed oops, compressed class ptrs, g1 gc, windows-amd64)
GC Precious Log:
 CardTable entry size: 512
 Card Set container configuration: InlinePtr #cards 4 size 8 Array Of Cards #cards 16 size 48 Howl #buckets 8 coarsen threshold 3686 Howl Bitmap #cards 512 size 80 coarsen threshold 460 Card regions per heap region 1 cards per card region 4096
 CPUs: 12 total, 12 available
 Memory: 16105M
 Large Page Support: Disabled
 NUMA Support: Disabled
 Compressed Oops: Enabled (Zero based)
 Heap Region Size: 2M
 Heap Min Capacity: 8M
 Heap Initial Capacity: 252M
 Heap Max Capacity: 4028M
 Pre-touch: Disabled
 Parallel Workers: 10
 Concurrent Workers: 3
 Concurrent Refinement Workers: 10
 Periodic GC: Disabled
Heap:
 garbage-first heap   total 90112K, used 35631K [0x0000000704400000, 0x0000000800000000)
  region size 2048K, 4 young (8192K), 4 survivors (8192K)
 Metaspace       used 70263K, committed 70912K, reserved 1114112K
  class space    used 10097K, committed 10368K, reserved 1048576K
GC Heap History (20 events):
Event: 2.156 GC heap after
{Heap after GC invocations=2 (full 0):
 garbage-first heap   total 258048K, used 11418K [0x0000000704400000, 0x0000000800000000)
  region size 2048K, 2 young (4096K), 2 survivors (4096K)
 Metaspace       used 8672K, committed 9024K, reserved 1114112K
  class space    used 1252K, committed 1408K, reserved 1048576K
}
Event: 4.371 GC heap before
{Heap before GC invocations=2 (full 0):
 garbage-first heap   total 258048K, used 74906K [0x0000000704400000, 0x0000000800000000)
  region size 2048K, 34 young (69632K), 2 survivors (4096K)
 Metaspace       used 20935K, committed 21312K, reserved 1114112K
  class space    used 2843K, committed 3008K, reserved 1048576K
}
Event: 4.379 GC heap after
{Heap after GC invocations=3 (full 0):
 garbage-first heap   total 258048K, used 17274K [0x0000000704400000, 0x0000000800000000)
  region size 2048K, 5 young (10240K), 5 survivors (10240K)
 Metaspace       used 20935K, committed 21312K, reserved 1114112K
  class space    used 2843K, committed 3008K, reserved 1048576K
}
Event: 4.501 GC heap before
{Heap before GC invocations=3 (full 0):
 garbage-first heap   total 258048K, used 19322K [0x0000000704400000, 0x0000000800000000)
  region size 2048K, 7 young (14336K), 5 survivors (10240K)
 Metaspace       used 21135K, committed 21504K, reserved 1114112K
  class space    used 2871K, committed 3008K, reserved 1048576K
}
Event: 4.506 GC heap after
{Heap after GC invocations=4 (full 0):
 garbage-first heap   total 258048K, used 17546K [0x0000000704400000, 0x0000000800000000)
  region size 2048K, 5 young (10240K), 5 survivors (10240K)
 Metaspace       used 21135K, committed 21504K, reserved 1114112K
  class space    used 2871K, committed 3008K, reserved 1048576K
}
Event: 7.749 GC heap before
{Heap before GC invocations=5 (full 0):
 garbage-first heap   total 75776K, used 72842K [0x0000000704400000, 0x0000000800000000)
  region size 2048K, 32 young (65536K), 5 survivors (10240K)
 Metaspace       used 27194K, committed 27712K, reserved 1114112K
  class space    used 3739K, committed 3968K, reserved 1048576K
}
Event: 7.762 GC heap after
{Heap after GC invocations=6 (full 0):
 garbage-first heap   total 90112K, used 22754K [0x0000000704400000, 0x0000000800000000)
  region size 2048K, 7 young (14336K), 7 survivors (14336K)
 Metaspace       used 27194K, committed 27712K, reserved 1114112K
  class space    used 3739K, committed 3968K, reserved 1048576K
}
Event: 10.132 GC heap before
{Heap before GC invocations=6 (full 0):
 garbage-first heap   total 90112K, used 61666K [0x0000000704400000, 0x0000000800000000)
  region size 2048K, 26 young (53248K), 7 survivors (14336K)
 Metaspace       used 34086K, committed 34688K, reserved 1114112K
  class space    used 4643K, committed 4928K, reserved 1048576K
}
Event: 10.148 GC heap after
{Heap after GC invocations=7 (full 0):
 garbage-first heap   total 90112K, used 25350K [0x0000000704400000, 0x0000000800000000)
  region size 2048K, 2 young (4096K), 2 survivors (4096K)
 Metaspace       used 34086K, committed 34688K, reserved 1114112K
  class space    used 4643K, committed 4928K, reserved 1048576K
}
Event: 10.433 GC heap before
{Heap before GC invocations=7 (full 0):
 garbage-first heap   total 90112K, used 29446K [0x0000000704400000, 0x0000000800000000)
  region size 2048K, 5 young (10240K), 2 survivors (4096K)
 Metaspace       used 35373K, committed 35968K, reserved 1114112K
  class space    used 4836K, committed 5120K, reserved 1048576K
}
Event: 10.440 GC heap after
{Heap after GC invocations=8 (full 0):
 garbage-first heap   total 90112K, used 24784K [0x0000000704400000, 0x0000000800000000)
  region size 2048K, 2 young (4096K), 2 survivors (4096K)
 Metaspace       used 35373K, committed 35968K, reserved 1114112K
  class space    used 4836K, committed 5120K, reserved 1048576K
}
Event: 14.420 GC heap before
{Heap before GC invocations=9 (full 0):
 garbage-first heap   total 90112K, used 71888K [0x0000000704400000, 0x0000000800000000)
  region size 2048K, 26 young (53248K), 2 survivors (4096K)
 Metaspace       used 47084K, committed 47744K, reserved 1114112K
  class space    used 6659K, committed 6976K, reserved 1048576K
}
Event: 14.435 GC heap after
{Heap after GC invocations=10 (full 0):
 garbage-first heap   total 90112K, used 28105K [0x0000000704400000, 0x0000000800000000)
  region size 2048K, 4 young (8192K), 4 survivors (8192K)
 Metaspace       used 47084K, committed 47744K, reserved 1114112K
  class space    used 6659K, committed 6976K, reserved 1048576K
}
Event: 15.582 GC heap before
{Heap before GC invocations=10 (full 0):
 garbage-first heap   total 90112K, used 73161K [0x0000000704400000, 0x0000000800000000)
  region size 2048K, 26 young (53248K), 4 survivors (8192K)
 Metaspace       used 54161K, committed 54784K, reserved 1114112K
  class space    used 7449K, committed 7744K, reserved 1048576K
}
Event: 15.597 GC heap after
{Heap after GC invocations=11 (full 0):
 garbage-first heap   total 90112K, used 30191K [0x0000000704400000, 0x0000000800000000)
  region size 2048K, 3 young (6144K), 3 survivors (6144K)
 Metaspace       used 54161K, committed 54784K, reserved 1114112K
  class space    used 7449K, committed 7744K, reserved 1048576K
}
Event: 16.273 GC heap before
{Heap before GC invocations=11 (full 0):
 garbage-first heap   total 90112K, used 46575K [0x0000000704400000, 0x0000000800000000)
  region size 2048K, 12 young (24576K), 3 survivors (6144K)
 Metaspace       used 59488K, committed 60096K, reserved 1114112K
  class space    used 8333K, committed 8640K, reserved 1048576K
}
Event: 16.284 GC heap after
{Heap after GC invocations=12 (full 0):
 garbage-first heap   total 90112K, used 31051K [0x0000000704400000, 0x0000000800000000)
  region size 2048K, 2 young (4096K), 2 survivors (4096K)
 Metaspace       used 59488K, committed 60096K, reserved 1114112K
  class space    used 8333K, committed 8640K, reserved 1048576K
}
Event: 17.233 GC heap before
{Heap before GC invocations=13 (full 0):
 garbage-first heap   total 90112K, used 78155K [0x0000000704400000, 0x0000000800000000)
  region size 2048K, 25 young (51200K), 2 survivors (4096K)
 Metaspace       used 61715K, committed 62400K, reserved 1114112K
  class space    used 8739K, committed 9024K, reserved 1048576K
}
Event: 17.253 GC heap after
{Heap after GC invocations=14 (full 0):
 garbage-first heap   total 90112K, used 31974K [0x0000000704400000, 0x0000000800000000)
  region size 2048K, 2 young (4096K), 2 survivors (4096K)
 Metaspace       used 61715K, committed 62400K, reserved 1114112K
  class space    used 8739K, committed 9024K, reserved 1048576K
}
Event: 19.174 GC heap before
{Heap before GC invocations=14 (full 0):
 garbage-first heap   total 90112K, used 77030K [0x0000000704400000, 0x0000000800000000)
  region size 2048K, 25 young (51200K), 2 survivors (4096K)
 Metaspace       used 70263K, committed 70912K, reserved 1114112K
  class space    used 10097K, committed 10368K, reserved 1048576K
}

